2026-01-27 21:09:25 - Action: fetch_messages, Patient: 17
2026-01-27 21:09:27 - Action: send_message, Patient: 17
  Receiver: 15, Type: text
  Binding params: sender=17, receiver=15, msg_type=text
  SUCCESS: Message ID 29
2026-01-27 21:09:27 - Action: fetch_messages, Patient: 17
2026-01-27 21:09:31 - Action: fetch_messages, Patient: 17
2026-01-27 21:09:34 - Action: fetch_messages, Patient: 17
2026-01-27 21:09:36 - Action: fetch_messages, Patient: 17
2026-01-27 21:09:38 - Action: send_message, Patient: 17
  Receiver: 15, Type: text
  Binding params: sender=17, receiver=15, msg_type=text
  SUCCESS: Message ID 30
2026-01-27 21:09:40 - Action: fetch_messages, Patient: 17
2026-01-27 21:09:43 - Action: fetch_messages, Patient: 17
2026-01-27 21:09:46 - Action: fetch_messages, Patient: 17
2026-01-27 21:09:49 - Action: fetch_messages, Patient: 17
2026-01-27 21:09:51 - Action: fetch_messages, Patient: 17
2026-01-27 21:09:54 - Action: send_message, Patient: 17
  Receiver: 15, Type: text
  Binding params: sender=17, receiver=15, msg_type=text
  SUCCESS: Message ID 32
2026-01-27 21:09:54 - Action: fetch_messages, Patient: 17
2026-01-27 21:09:58 - Action: fetch_messages, Patient: 17
2026-01-27 21:10:00 - Action: fetch_messages, Patient: 17
2026-01-27 21:10:04 - Action: fetch_messages, Patient: 17
2026-01-27 21:10:07 - Action: fetch_messages, Patient: 17
2026-01-27 21:10:10 - Action: fetch_messages, Patient: 17
2026-01-27 21:10:13 - Action: fetch_messages, Patient: 17
2026-01-27 21:10:16 - Action: fetch_messages, Patient: 17
2026-01-27 21:10:19 - Action: fetch_messages, Patient: 17
2026-01-27 21:10:22 - Action: fetch_messages, Patient: 17
2026-01-27 21:10:25 - Action: fetch_messages, Patient: 17
2026-01-27 21:10:28 - Action: fetch_messages, Patient: 17
2026-01-27 21:10:31 - Action: fetch_messages, Patient: 17
2026-01-27 21:10:34 - Action: fetch_messages, Patient: 17
2026-01-27 21:10:37 - Action: fetch_messages, Patient: 17
2026-01-27 21:10:40 - Action: fetch_messages, Patient: 17
2026-01-27 21:10:43 - Action: fetch_messages, Patient: 17
2026-01-27 21:10:46 - Action: fetch_messages, Patient: 17
2026-01-27 21:10:49 - Action: fetch_messages, Patient: 17
2026-01-27 21:10:52 - Action: fetch_messages, Patient: 17
2026-01-27 21:10:55 - Action: fetch_messages, Patient: 17
2026-01-27 21:10:58 - Action: fetch_messages, Patient: 17
2026-01-27 21:11:01 - Action: fetch_messages, Patient: 17
2026-01-27 21:11:28 - Action: fetch_messages, Patient: 17
2026-01-27 21:12:28 - Action: fetch_messages, Patient: 17
2026-01-27 21:13:28 - Action: fetch_messages, Patient: 17
2026-01-27 21:14:21 - Action: fetch_messages, Patient: 17
2026-01-27 21:14:26 - Action: send_message, Patient: 17
  Receiver: 15, Type: text
  Binding params: sender=17, receiver=15, msg_type=text
  SUCCESS: Message ID 33
2026-01-27 21:14:26 - Action: fetch_messages, Patient: 17
2026-01-27 21:14:30 - Action: fetch_messages, Patient: 17
2026-01-27 21:14:33 - Action: fetch_messages, Patient: 17
2026-01-27 21:14:36 - Action: fetch_messages, Patient: 17
2026-01-27 21:14:39 - Action: fetch_messages, Patient: 17
2026-01-27 21:14:42 - Action: fetch_messages, Patient: 17
2026-01-27 21:14:44 - Action: fetch_messages, Patient: 17
2026-01-27 21:14:46 - Action: send_message, Patient: 17
  Receiver: 15, Type: text
  Binding params: sender=17, receiver=15, msg_type=text
  SUCCESS: Message ID 35
2026-01-27 21:14:47 - Action: fetch_messages, Patient: 17
2026-01-27 21:14:51 - Action: fetch_messages, Patient: 17
2026-01-27 21:14:54 - Action: fetch_messages, Patient: 17
2026-01-27 21:14:57 - Action: fetch_messages, Patient: 17
2026-01-27 21:15:00 - Action: fetch_messages, Patient: 17
2026-01-27 21:15:02 - Action: send_message, Patient: 17
  Receiver: 15, Type: text
  Binding params: sender=17, receiver=15, msg_type=text
  SUCCESS: Message ID 36
2026-01-27 21:15:02 - Action: fetch_messages, Patient: 17
2026-01-27 21:15:06 - Action: fetch_messages, Patient: 17
2026-01-27 21:15:09 - Action: fetch_messages, Patient: 17
2026-01-27 21:15:12 - Action: fetch_messages, Patient: 17
2026-01-27 21:15:15 - Action: fetch_messages, Patient: 17
2026-01-27 21:15:18 - Action: fetch_messages, Patient: 17
2026-01-27 21:15:21 - Action: fetch_messages, Patient: 17
2026-01-27 21:15:24 - Action: fetch_messages, Patient: 17
2026-01-27 21:15:27 - Action: fetch_messages, Patient: 17
2026-01-27 21:15:30 - Action: fetch_messages, Patient: 17
2026-01-27 21:15:33 - Action: fetch_messages, Patient: 17
2026-01-27 21:15:36 - Action: fetch_messages, Patient: 17
2026-01-27 21:15:39 - Action: fetch_messages, Patient: 17
2026-01-27 21:15:42 - Action: fetch_messages, Patient: 17
2026-01-27 21:15:45 - Action: fetch_messages, Patient: 17
2026-01-27 21:15:48 - Action: fetch_messages, Patient: 17
2026-01-27 21:15:51 - Action: fetch_messages, Patient: 17
2026-01-27 21:15:54 - Action: fetch_messages, Patient: 17
2026-01-27 21:15:57 - Action: fetch_messages, Patient: 17
2026-01-27 21:16:00 - Action: fetch_messages, Patient: 17
2026-01-27 21:16:28 - Action: fetch_messages, Patient: 17
2026-01-27 21:17:28 - Action: fetch_messages, Patient: 17
2026-01-27 21:18:28 - Action: fetch_messages, Patient: 17
2026-01-27 21:19:20 - Action: fetch_messages, Patient: 17
2026-01-27 21:19:27 - Action: fetch_messages, Patient: 17
2026-01-27 21:19:30 - Action: fetch_messages, Patient: 17
2026-01-27 21:19:33 - Action: fetch_messages, Patient: 17
2026-01-27 21:19:36 - Action: fetch_messages, Patient: 17
2026-01-27 21:19:39 - Action: fetch_messages, Patient: 17
2026-01-27 21:19:42 - Action: send_message, Patient: 17
  Receiver: 15, Type: text
  Binding params: sender=17, receiver=15, msg_type=text
  SUCCESS: Message ID 37
2026-01-27 21:19:42 - Action: fetch_messages, Patient: 17
2026-01-27 21:19:45 - Action: fetch_messages, Patient: 17
2026-01-27 21:19:48 - Action: fetch_messages, Patient: 17
2026-01-27 21:19:51 - Action: fetch_messages, Patient: 17
2026-01-27 21:19:54 - Action: fetch_messages, Patient: 17
2026-01-27 21:19:57 - Action: fetch_messages, Patient: 17
2026-01-27 21:20:00 - Action: fetch_messages, Patient: 17
2026-01-27 21:20:03 - Action: fetch_messages, Patient: 17
2026-01-27 21:20:06 - Action: fetch_messages, Patient: 17
2026-01-27 21:20:09 - Action: fetch_messages, Patient: 17
2026-01-27 21:20:12 - Action: fetch_messages, Patient: 17
2026-01-27 21:20:15 - Action: fetch_messages, Patient: 17
2026-01-27 21:20:18 - Action: fetch_messages, Patient: 17
2026-01-27 21:20:21 - Action: fetch_messages, Patient: 17
2026-01-27 21:20:24 - Action: fetch_messages, Patient: 17
2026-01-27 21:20:27 - Action: fetch_messages, Patient: 17
2026-01-27 21:20:30 - Action: fetch_messages, Patient: 17
2026-01-27 21:20:33 - Action: fetch_messages, Patient: 17
2026-01-27 21:20:36 - Action: fetch_messages, Patient: 17
2026-01-27 21:20:39 - Action: fetch_messages, Patient: 17
2026-01-27 21:20:42 - Action: fetch_messages, Patient: 17
2026-01-27 21:21:28 - Action: fetch_messages, Patient: 17
2026-01-27 21:22:28 - Action: fetch_messages, Patient: 17
2026-01-27 21:23:28 - Action: fetch_messages, Patient: 17
2026-01-27 21:24:28 - Action: fetch_messages, Patient: 17
2026-01-27 21:25:28 - Action: fetch_messages, Patient: 17
2026-01-27 21:26:28 - Action: fetch_messages, Patient: 17
2026-01-27 21:27:28 - Action: fetch_messages, Patient: 17
